<?xml version="1.0" encoding="UTF-8"?>
<!-- Generated by org.testng.reporters.JUnitReportReporter -->
<testsuite hostname="Keertis-MacBook-Air.local" failures="0" tests="1" name="testCases.TC001_AccountRegistrationTest" time="1.939" errors="0" timestamp="2024-12-26T16:27:11 IST" skipped="0">
  <testcase classname="testCases.TC001_AccountRegistrationTest" name="verify_account_registration" time="1.939"/>
</testsuite> <!-- testCases.TC001_AccountRegistrationTest -->
